<?xml version="1.0" encoding="UTF-8"?>
<!-- Generated by org.testng.reporters.JUnitXMLReporter -->
<testsuite ignored="0" hostname="DESKTOP-S2OPTP4" failures="1" tests="3" name="Orenge HRM Login" time="71.09" errors="0" timestamp="2022-09-02T20:51:22 IST">
  <testcase classname="com.vtechsolution.orangehrm.test_cases.Login_TC01" name="verifyOrangeHrmLogoTC_02" time="11.929"/>
  <testcase classname="com.vtechsolution.orangehrm.test_cases.Login_TC01" name="VerifyOrangeHrmPageTitleTC_03" time="0.156"/>
  <testcase classname="com.vtechsolution.orangehrm.test_cases.Login_TC01" name="verifyloginTestTC_01" time="6.179">
    <failure type="java.lang.AssertionError" message="expected [true] but found [false]">
      <![CDATA[java.lang.AssertionError: expected [true] but found [false]
at com.vtechsolution.orangehrm.test_cases.Login_TC01.verifyloginTestTC_01(Login_TC01.java:67)
at java.base/java.util.ArrayList.forEach(ArrayList.java:1511)
... Removed 31 stack frames]]>
    </failure>
  </testcase> <!-- verifyloginTestTC_01 -->
</testsuite> <!-- Orenge HRM Login -->
